[${project.name}][${env:SERVER_PORT}] 2022-07-12 23:02:59,448 INFO [main][SpringApplication.java:651] - No active profile set, falling back to default profiles: default
[${project.name}][${env:SERVER_PORT}] 2022-07-12 23:02:59,799 INFO [main][GenericScope.java:295] - BeanFactory id=3e161c52-59cd-3100-adc4-d640ad1ce448
[${project.name}][${env:SERVER_PORT}] 2022-07-12 23:02:59,830 INFO [main][PostProcessorRegistrationDelegate.java:335] - Bean 'org.springframework.cloud.client.loadbalancer.reactive.LoadBalancerBeanPostProcessorAutoConfiguration' of type [org.springframework.cloud.client.loadbalancer.reactive.LoadBalancerBeanPostProcessorAutoConfiguration] is not eligible for getting processed by all BeanPostProcessors (for example: not eligible for auto-proxying)
[${project.name}][${env:SERVER_PORT}] 2022-07-12 23:02:59,831 INFO [main][PostProcessorRegistrationDelegate.java:335] - Bean 'org.springframework.cloud.client.loadbalancer.reactive.LoadBalancerBeanPostProcessorAutoConfiguration$ReactiveLoadBalancerConfig' of type [org.springframework.cloud.client.loadbalancer.reactive.LoadBalancerBeanPostProcessorAutoConfiguration$ReactiveLoadBalancerConfig] is not eligible for getting processed by all BeanPostProcessors (for example: not eligible for auto-proxying)
[${project.name}][${env:SERVER_PORT}] 2022-07-12 23:02:59,832 INFO [main][PostProcessorRegistrationDelegate.java:335] - Bean 'deferringLoadBalancerExchangeFilterFunction' of type [org.springframework.cloud.client.loadbalancer.reactive.DeferringLoadBalancerExchangeFilterFunction] is not eligible for getting processed by all BeanPostProcessors (for example: not eligible for auto-proxying)
[${project.name}][${env:SERVER_PORT}] 2022-07-12 23:02:59,919 WARN [main][URLConfigurationSource.java:121] - No URLs will be polled as dynamic configuration sources.
[${project.name}][${env:SERVER_PORT}] 2022-07-12 23:02:59,920 INFO [main][URLConfigurationSource.java:122] - To enable URLs as dynamic configuration sources, define System property archaius.configurationSource.additionalUrls or make config.properties available on classpath.
[${project.name}][${env:SERVER_PORT}] 2022-07-12 23:02:59,922 WARN [main][URLConfigurationSource.java:121] - No URLs will be polled as dynamic configuration sources.
[${project.name}][${env:SERVER_PORT}] 2022-07-12 23:02:59,922 INFO [main][URLConfigurationSource.java:122] - To enable URLs as dynamic configuration sources, define System property archaius.configurationSource.additionalUrls or make config.properties available on classpath.
[${project.name}][${env:SERVER_PORT}] 2022-07-12 23:03:00,567 INFO [main][RouteDefinitionRouteLocator.java:139] - Loaded RoutePredicateFactory [After]
[${project.name}][${env:SERVER_PORT}] 2022-07-12 23:03:00,567 INFO [main][RouteDefinitionRouteLocator.java:139] - Loaded RoutePredicateFactory [Before]
[${project.name}][${env:SERVER_PORT}] 2022-07-12 23:03:00,567 INFO [main][RouteDefinitionRouteLocator.java:139] - Loaded RoutePredicateFactory [Between]
[${project.name}][${env:SERVER_PORT}] 2022-07-12 23:03:00,567 INFO [main][RouteDefinitionRouteLocator.java:139] - Loaded RoutePredicateFactory [Cookie]
[${project.name}][${env:SERVER_PORT}] 2022-07-12 23:03:00,567 INFO [main][RouteDefinitionRouteLocator.java:139] - Loaded RoutePredicateFactory [Header]
[${project.name}][${env:SERVER_PORT}] 2022-07-12 23:03:00,567 INFO [main][RouteDefinitionRouteLocator.java:139] - Loaded RoutePredicateFactory [Host]
[${project.name}][${env:SERVER_PORT}] 2022-07-12 23:03:00,568 INFO [main][RouteDefinitionRouteLocator.java:139] - Loaded RoutePredicateFactory [Method]
[${project.name}][${env:SERVER_PORT}] 2022-07-12 23:03:00,568 INFO [main][RouteDefinitionRouteLocator.java:139] - Loaded RoutePredicateFactory [Path]
[${project.name}][${env:SERVER_PORT}] 2022-07-12 23:03:00,568 INFO [main][RouteDefinitionRouteLocator.java:139] - Loaded RoutePredicateFactory [Query]
[${project.name}][${env:SERVER_PORT}] 2022-07-12 23:03:00,568 INFO [main][RouteDefinitionRouteLocator.java:139] - Loaded RoutePredicateFactory [ReadBodyPredicateFactory]
[${project.name}][${env:SERVER_PORT}] 2022-07-12 23:03:00,568 INFO [main][RouteDefinitionRouteLocator.java:139] - Loaded RoutePredicateFactory [RemoteAddr]
[${project.name}][${env:SERVER_PORT}] 2022-07-12 23:03:00,568 INFO [main][RouteDefinitionRouteLocator.java:139] - Loaded RoutePredicateFactory [Weight]
[${project.name}][${env:SERVER_PORT}] 2022-07-12 23:03:00,568 INFO [main][RouteDefinitionRouteLocator.java:139] - Loaded RoutePredicateFactory [CloudFoundryRouteService]
[${project.name}][${env:SERVER_PORT}] 2022-07-12 23:03:00,683 INFO [main][ExecutorConfigurationSupport.java:181] - Initializing ExecutorService 'Nacos-Watch-Task-Scheduler'
[${project.name}][${env:SERVER_PORT}] 2022-07-12 23:03:01,466 INFO [main][NettyWebServer.java:109] - Netty started on port(s): 63010
[${project.name}][${env:SERVER_PORT}] 2022-07-12 23:03:01,788 INFO [main][NacosServiceRegistry.java:75] - nacos registry, xc-group gateway-server 192.168.43.88:63010 register finished
[${project.name}][${env:SERVER_PORT}] 2022-07-12 23:03:01,800 INFO [main][StartupInfoLogger.java:61] - Started GatewayServer in 3.135 seconds (JVM running for 3.807)
[${project.name}][${env:SERVER_PORT}] 2022-07-12 23:03:26,800 INFO [reactor-http-nio-3][ChainedDynamicProperty.java:115] - Flipping property: content-service.ribbon.ActiveConnectionsLimit to use NEXT property: niws.loadbalancer.availabilityFilteringRule.activeConnectionsLimit = 2147483647
[${project.name}][${env:SERVER_PORT}] 2022-07-12 23:03:26,820 INFO [reactor-http-nio-3][BaseLoadBalancer.java:197] - Client: content-service instantiated a LoadBalancer: DynamicServerListLoadBalancer:{NFLoadBalancer:name=content-service,current list of Servers=[],Load balancer stats=Zone stats: {},Server stats: []}ServerList:null
[${project.name}][${env:SERVER_PORT}] 2022-07-12 23:03:26,822 INFO [reactor-http-nio-3][DynamicServerListLoadBalancer.java:222] - Using serverListUpdater PollingServerListUpdater
[${project.name}][${env:SERVER_PORT}] 2022-07-12 23:03:26,926 INFO [reactor-http-nio-3][ChainedDynamicProperty.java:115] - Flipping property: content-service.ribbon.ActiveConnectionsLimit to use NEXT property: niws.loadbalancer.availabilityFilteringRule.activeConnectionsLimit = 2147483647
[${project.name}][${env:SERVER_PORT}] 2022-07-12 23:03:26,928 INFO [reactor-http-nio-3][DynamicServerListLoadBalancer.java:150] - DynamicServerListLoadBalancer for client content-service initialized: DynamicServerListLoadBalancer:{NFLoadBalancer:name=content-service,current list of Servers=[192.168.43.88:63040],Load balancer stats=Zone stats: {unknown=[Zone:unknown;	Instance count:1;	Active connections count: 0;	Circuit breaker tripped count: 0;	Active connections per server: 0.0;]
},Server stats: [[Server:192.168.43.88:63040;	Zone:UNKNOWN;	Total Requests:0;	Successive connection failure:0;	Total blackout seconds:0;	Last connection made:Thu Jan 01 08:00:00 CST 1970;	First connection made: Thu Jan 01 08:00:00 CST 1970;	Active Connections:0;	total failure count in last (1000) msecs:0;	average resp time:0.0;	90 percentile resp time:0.0;	95 percentile resp time:0.0;	min resp time:0.0;	max resp time:0.0;	stddev resp time:0.0]
]}ServerList:com.alibaba.cloud.nacos.ribbon.NacosServerList@6b271f95
[${project.name}][${env:SERVER_PORT}] 2022-07-12 23:03:27,832 INFO [PollingServerListUpdater-0][ChainedDynamicProperty.java:115] - Flipping property: content-service.ribbon.ActiveConnectionsLimit to use NEXT property: niws.loadbalancer.availabilityFilteringRule.activeConnectionsLimit = 2147483647
